<?xml version="1.0" encoding="UTF-8"?>
<!-- Generated by org.testng.reporters.JUnitReportReporter -->
<testsuite hostname="ASISH" failures="0" tests="1" name="runner.DemoWebShopRunner" time="15.873" errors="0" timestamp="2023-12-09T12:19:45 IST" skipped="0">
  <testcase classname="runner.DemoWebShopRunner" name="runScenario" time="15.873"/>
  <system-out/>
</testsuite> <!-- runner.DemoWebShopRunner -->
